nohup: ignoring input
2022-10-23 18:58:55,054 [INFO] faiss.loader: Loading faiss with AVX2 support.
2022-10-23 18:58:55,054 [INFO] faiss.loader: Could not load library with AVX2 support due to:
ModuleNotFoundError("No module named 'faiss.swigfaiss_avx2'")
2022-10-23 18:58:55,054 [INFO] faiss.loader: Loading faiss.
2022-10-23 18:58:55,066 [INFO] faiss.loader: Successfully loaded faiss.
dense_retriever.py:474: UserWarning: 
The version_base parameter is not specified.
Please specify a compatability version level, or None.
Will assume defaults for version 1.1
  @hydra.main(config_path="conf", config_name="dense_retriever")
/home/maruf/anaconda3/envs/xcodeeval/lib/python3.8/site-packages/hydra/_internal/defaults_list.py:251: UserWarning: In 'dense_retriever': Defaults list is missing `_self_`. See https://hydra.cc/docs/upgrades/1.0_to_1.1/default_composition_order for more information
  warnings.warn(msg, UserWarning)
/home/maruf/anaconda3/envs/xcodeeval/lib/python3.8/site-packages/hydra/core/default_element.py:124: UserWarning: In 'ctx_sources/default_sources': Usage of deprecated keyword in package header '# @package _group_'.
See https://hydra.cc/docs/next/upgrades/1.0_to_1.1/changes_to_package_header for more information
  deprecation_warning(
/home/maruf/anaconda3/envs/xcodeeval/lib/python3.8/site-packages/hydra/core/default_element.py:124: UserWarning: In 'datasets/retriever_default': Usage of deprecated keyword in package header '# @package _group_'.
See https://hydra.cc/docs/next/upgrades/1.0_to_1.1/changes_to_package_header for more information
  deprecation_warning(
/home/maruf/anaconda3/envs/xcodeeval/lib/python3.8/site-packages/hydra/core/default_element.py:124: UserWarning: In 'encoder/hf_bert': Usage of deprecated keyword in package header '# @package _group_'.
See https://hydra.cc/docs/next/upgrades/1.0_to_1.1/changes_to_package_header for more information
  deprecation_warning(
[2022-10-23 18:58:55,309][root][INFO] - CFG's local_rank=-1
[2022-10-23 18:58:55,309][root][INFO] - Env WORLD_SIZE=None
[2022-10-23 18:58:55,310][root][INFO] - Initialized host micl-jotyssvr3 as d.rank -1 on device=cuda, n_gpu=1, world size=1
[2022-10-23 18:58:55,310][root][INFO] - 16-bits training: False 
[2022-10-23 18:58:55,310][root][INFO] - Reading saved model from /home/maruf/zarzis/zarzis/outputs/2022-08-01/16-00-23/dumped/dpr_biencoder.39
[2022-10-23 18:58:56,293][root][INFO] - model_state_dict keys dict_keys(['model_dict', 'optimizer_dict', 'scheduler_dict', 'offset', 'epoch', 'encoder_params'])
[2022-10-23 18:58:56,294][root][INFO] - CFG (after gpu  configuration):
[2022-10-23 18:58:56,299][root][INFO] - encoder:
  encoder_model_type: hf_bert
  pretrained_model_cfg: microsoft/codebert-base
  pretrained_file: null
  projection_dim: 0
  sequence_length: 510
  dropout: 0.1
  fix_ctx_encoder: false
  pretrained: true
datasets:
  nq_test:
    _target_: dpr.data.retriever_data.CsvQASrc
    file: data.retriever.qas.nq-test
  nq_train:
    _target_: dpr.data.retriever_data.CsvQASrc
    file: data.retriever.qas.nq-train
  nq_dev:
    _target_: dpr.data.retriever_data.CsvQASrc
    file: data.retriever.qas.nq-dev
  trivia_test:
    _target_: dpr.data.retriever_data.CsvQASrc
    file: data.retriever.qas.trivia-test
  trivia_train:
    _target_: dpr.data.retriever_data.CsvQASrc
    file: data.retriever.qas.trivia-train
  trivia_dev:
    _target_: dpr.data.retriever_data.CsvQASrc
    file: data.retriever.qas.trivia-dev
  webq_test:
    _target_: dpr.data.retriever_data.CsvQASrc
    file: data.retriever.qas.webq-test
  curatedtrec_test:
    _target_: dpr.data.retriever_data.CsvQASrc
    file: data.retriever.qas.curatedtrec-test
  code_retrieval_cpp_test:
    _target_: dpr.data.retriever_data.JsonQASrc
    file: /home/maruf/zarzis/cpp_only/v3_cpp_qas_test.json
  code_retrieval_cpp_test_null:
    _target_: dpr.data.retriever_data.JsonQASrc
    file: /home/maruf/zarzis/cpp_only/v3_cpp_qas_test_null.json
  code_retrieval_cpp_test_mini:
    _target_: dpr.data.retriever_data.JsonQASrc
    file: /home/maruf/zarzis/cpp_only/v3_cpp_qas_test_mini.json
  code_retrieval_cpp_test_mini_null:
    _target_: dpr.data.retriever_data.JsonQASrc
    file: /home/maruf/zarzis/cpp_only/v3_cpp_qas_test_mini_null.json
ctx_sources:
  dpr_wiki:
    _target_: dpr.data.retriever_data.CsvCtxSrc
    file: data.wikipedia_split.psgs_w100
    id_prefix: 'wiki:'
  dpr_code_cpp:
    _target_: dpr.data.retriever_data.JsonCodesCtxSrc
    file: /home/maruf/zarzis/parallel-code-corpora/cpp_code_kng_base.json
    id_prefix: 'cf_cpp:'
  dpr_code_cpp_mini:
    _target_: dpr.data.retriever_data.JsonCodesCtxSrc
    file: /home/maruf/zarzis/parallel-code-corpora/cpp_code_kng_base_mini.json
    id_prefix: 'cf_cpp:'
indexers:
  flat:
    _target_: dpr.indexer.faiss_indexers.DenseFlatIndexer
  hnsw:
    _target_: dpr.indexer.faiss_indexers.DenseHNSWFlatIndexer
  hnsw_sq:
    _target_: dpr.indexer.faiss_indexers.DenseHNSWSQIndexer
qa_dataset: code_retrieval_cpp_test_null
ctx_datatsets:
- dpr_code_cpp
encoded_ctx_files:
- /home/maruf/zarzis/zarzis/outputs/2022-08-01/16-00-23/_0
out_file: /home/maruf/zarzis/zarzis/outputs/2022-08-01/16-00-23/dense_retriever_out
match: string
n_docs: 100
validation_workers: 16
batch_size: 512
do_lower_case: false
encoder_path: null
index_path: null
kilt_out_file: null
model_file: /home/maruf/zarzis/zarzis/outputs/2022-08-01/16-00-23/dumped/dpr_biencoder.39
validate_as_tables: false
rpc_retriever_cfg_file: null
rpc_index_id: null
use_l2_conversion: false
use_rpc_meta: false
rpc_meta_compressed: false
indexer: flat
special_tokens: null
local_rank: -1
global_loss_buf_sz: 150000
device: cuda
distributed_world_size: 1
distributed_port: null
no_cuda: false
n_gpu: 1
fp16: false
fp16_opt_level: O1

[2022-10-23 18:58:56,335][dpr.models.hf_models][INFO] - Initializing HF BERT Encoder. cfg_name=microsoft/codebert-base
[2022-10-23 18:58:58,437][dpr.models.hf_models][INFO] - Initializing HF BERT Encoder. cfg_name=microsoft/codebert-base
[2022-10-23 18:59:01,225][root][INFO] - Loading saved model state ...
[2022-10-23 18:59:01,334][root][INFO] - Selecting standard question encoder
[2022-10-23 18:59:03,189][root][INFO] - Encoder vector_size=768
[2022-10-23 18:59:03,189][root][INFO] - qa_dataset: code_retrieval_cpp_test_null
[2022-10-23 18:59:07,360][root][INFO] - questions len 146880
[2022-10-23 18:59:07,360][root][INFO] - questions_text len 0
[2022-10-23 18:59:07,361][root][INFO] - Local Index class <class 'dpr.indexer.faiss_indexers.DenseFlatIndexer'> 
[2022-10-23 18:59:07,361][root][INFO] - Using special token None
[2022-10-23 19:02:10,517][root][INFO] - Encoded queries 12800
[2022-10-23 19:05:13,146][root][INFO] - Encoded queries 25600
[2022-10-23 19:08:16,269][root][INFO] - Encoded queries 38400
[2022-10-23 19:11:14,814][root][INFO] - Encoded queries 51200
[2022-10-23 19:14:39,582][root][INFO] - Encoded queries 64000
[2022-10-23 19:18:08,696][root][INFO] - Encoded queries 76800
[2022-10-23 19:21:36,986][root][INFO] - Encoded queries 89600
[2022-10-23 19:25:05,376][root][INFO] - Encoded queries 102400
[2022-10-23 19:28:34,480][root][INFO] - Encoded queries 115200
[2022-10-23 19:32:02,673][root][INFO] - Encoded queries 128000
[2022-10-23 19:35:31,342][root][INFO] - Encoded queries 140800
[2022-10-23 19:37:10,872][root][INFO] - Total encoded queries tensor torch.Size([146880, 768])
[2022-10-23 19:37:10,901][root][INFO] - ctx_sources: <class 'dpr.data.retriever_data.JsonCodesCtxSrc'>
[2022-10-23 19:37:10,902][root][INFO] - id_prefixes per dataset: ['cf_cpp:']
[2022-10-23 19:37:10,902][root][INFO] - ctx_files_patterns: ['/home/maruf/zarzis/zarzis/outputs/2022-08-01/16-00-23/_0']
[2022-10-23 19:37:10,902][root][INFO] - Embeddings files id prefixes: ['cf_cpp:']
[2022-10-23 19:37:10,902][root][INFO] - Reading all passages data from files: ['/home/maruf/zarzis/zarzis/outputs/2022-08-01/16-00-23/_0']
[2022-10-23 19:37:10,902][root][INFO] - Reading file /home/maruf/zarzis/zarzis/outputs/2022-08-01/16-00-23/_0
[2022-10-23 19:37:43,688][root][INFO] - data indexed 50000
[2022-10-23 19:37:43,688][root][INFO] - Total data indexed 50000
[2022-10-23 19:37:44,485][root][INFO] - data indexed 100000
[2022-10-23 19:37:44,485][root][INFO] - Total data indexed 100000
[2022-10-23 19:37:44,727][root][INFO] - data indexed 150000
[2022-10-23 19:37:44,727][root][INFO] - Total data indexed 150000
[2022-10-23 19:37:44,872][root][INFO] - data indexed 200000
[2022-10-23 19:37:44,873][root][INFO] - Total data indexed 200000
[2022-10-23 19:37:45,333][root][INFO] - data indexed 250000
[2022-10-23 19:37:45,333][root][INFO] - Total data indexed 250000
[2022-10-23 19:37:46,052][root][INFO] - data indexed 300000
[2022-10-23 19:37:46,052][root][INFO] - Total data indexed 300000
[2022-10-23 19:37:46,201][root][INFO] - data indexed 350000
[2022-10-23 19:37:46,201][root][INFO] - Total data indexed 350000
[2022-10-23 19:37:46,350][root][INFO] - data indexed 400000
[2022-10-23 19:37:46,350][root][INFO] - Total data indexed 400000
[2022-10-23 19:37:47,099][root][INFO] - data indexed 450000
[2022-10-23 19:37:47,099][root][INFO] - Total data indexed 450000
[2022-10-23 19:37:47,817][root][INFO] - data indexed 500000
[2022-10-23 19:37:47,818][root][INFO] - Total data indexed 500000
[2022-10-23 19:37:47,962][root][INFO] - data indexed 550000
[2022-10-23 19:37:47,963][root][INFO] - Total data indexed 550000
[2022-10-23 19:37:48,107][root][INFO] - data indexed 600000
[2022-10-23 19:37:48,107][root][INFO] - Total data indexed 600000
[2022-10-23 19:37:48,830][root][INFO] - data indexed 650000
[2022-10-23 19:37:48,830][root][INFO] - Total data indexed 650000
[2022-10-23 19:37:48,996][root][INFO] - data indexed 700000
[2022-10-23 19:37:48,996][root][INFO] - Total data indexed 700000
[2022-10-23 19:37:49,173][root][INFO] - data indexed 750000
[2022-10-23 19:37:49,173][root][INFO] - Total data indexed 750000
[2022-10-23 19:37:49,351][root][INFO] - data indexed 800000
[2022-10-23 19:37:49,351][root][INFO] - Total data indexed 800000
[2022-10-23 19:37:51,410][root][INFO] - data indexed 850000
[2022-10-23 19:37:51,410][root][INFO] - Total data indexed 850000
[2022-10-23 19:37:51,555][root][INFO] - data indexed 900000
[2022-10-23 19:37:51,555][root][INFO] - Total data indexed 900000
[2022-10-23 19:37:51,701][root][INFO] - data indexed 950000
[2022-10-23 19:37:51,701][root][INFO] - Total data indexed 950000
[2022-10-23 19:37:51,846][root][INFO] - data indexed 1000000
[2022-10-23 19:37:51,846][root][INFO] - Total data indexed 1000000
[2022-10-23 19:37:52,570][root][INFO] - data indexed 1050000
[2022-10-23 19:37:52,570][root][INFO] - Total data indexed 1050000
[2022-10-23 19:37:52,727][root][INFO] - data indexed 1100000
[2022-10-23 19:37:52,727][root][INFO] - Total data indexed 1100000
[2022-10-23 19:37:52,916][root][INFO] - data indexed 1150000
[2022-10-23 19:37:52,916][root][INFO] - Total data indexed 1150000
[2022-10-23 19:37:53,695][root][INFO] - data indexed 1200000
[2022-10-23 19:37:53,695][root][INFO] - Total data indexed 1200000
[2022-10-23 19:37:53,920][root][INFO] - data indexed 1250000
[2022-10-23 19:37:53,920][root][INFO] - Total data indexed 1250000
[2022-10-23 19:37:54,108][root][INFO] - data indexed 1300000
[2022-10-23 19:37:54,108][root][INFO] - Total data indexed 1300000
[2022-10-23 19:37:54,303][root][INFO] - data indexed 1350000
[2022-10-23 19:37:54,303][root][INFO] - Total data indexed 1350000
[2022-10-23 19:37:55,112][root][INFO] - data indexed 1400000
[2022-10-23 19:37:55,112][root][INFO] - Total data indexed 1400000
[2022-10-23 19:37:55,331][root][INFO] - data indexed 1450000
[2022-10-23 19:37:55,331][root][INFO] - Total data indexed 1450000
[2022-10-23 19:37:55,551][root][INFO] - data indexed 1500000
[2022-10-23 19:37:55,552][root][INFO] - Total data indexed 1500000
[2022-10-23 19:37:55,725][root][INFO] - data indexed 1550000
[2022-10-23 19:37:55,725][root][INFO] - Total data indexed 1550000
[2022-10-23 19:37:56,502][root][INFO] - data indexed 1600000
[2022-10-23 19:37:56,503][root][INFO] - Total data indexed 1600000
[2022-10-23 19:37:59,305][root][INFO] - data indexed 1650000
[2022-10-23 19:37:59,306][root][INFO] - Total data indexed 1650000
[2022-10-23 19:37:59,449][root][INFO] - data indexed 1700000
[2022-10-23 19:37:59,449][root][INFO] - Total data indexed 1700000
[2022-10-23 19:38:00,192][root][INFO] - data indexed 1750000
[2022-10-23 19:38:00,192][root][INFO] - Total data indexed 1750000
[2022-10-23 19:38:00,340][root][INFO] - data indexed 1800000
[2022-10-23 19:38:00,340][root][INFO] - Total data indexed 1800000
[2022-10-23 19:38:00,485][root][INFO] - data indexed 1850000
[2022-10-23 19:38:00,486][root][INFO] - Total data indexed 1850000
[2022-10-23 19:38:00,635][root][INFO] - data indexed 1900000
[2022-10-23 19:38:00,635][root][INFO] - Total data indexed 1900000
[2022-10-23 19:38:01,397][root][INFO] - data indexed 1950000
[2022-10-23 19:38:01,398][root][INFO] - Total data indexed 1950000
[2022-10-23 19:38:01,580][root][INFO] - data indexed 2000000
[2022-10-23 19:38:01,580][root][INFO] - Total data indexed 2000000
[2022-10-23 19:38:01,775][root][INFO] - data indexed 2050000
[2022-10-23 19:38:01,775][root][INFO] - Total data indexed 2050000
[2022-10-23 19:38:01,965][root][INFO] - data indexed 2100000
[2022-10-23 19:38:01,965][root][INFO] - Total data indexed 2100000
[2022-10-23 19:38:02,743][root][INFO] - data indexed 2150000
[2022-10-23 19:38:02,744][root][INFO] - Total data indexed 2150000
[2022-10-23 19:38:02,919][root][INFO] - data indexed 2200000
[2022-10-23 19:38:02,919][root][INFO] - Total data indexed 2200000
[2022-10-23 19:38:03,088][root][INFO] - data indexed 2250000
[2022-10-23 19:38:03,088][root][INFO] - Total data indexed 2250000
[2022-10-23 19:38:03,295][root][INFO] - data indexed 2300000
[2022-10-23 19:38:03,295][root][INFO] - Total data indexed 2300000
[2022-10-23 19:38:04,064][root][INFO] - data indexed 2350000
[2022-10-23 19:38:04,064][root][INFO] - Total data indexed 2350000
[2022-10-23 19:38:04,244][root][INFO] - data indexed 2400000
[2022-10-23 19:38:04,244][root][INFO] - Total data indexed 2400000
[2022-10-23 19:38:04,413][root][INFO] - data indexed 2450000
[2022-10-23 19:38:04,413][root][INFO] - Total data indexed 2450000
[2022-10-23 19:38:05,197][root][INFO] - data indexed 2500000
[2022-10-23 19:38:05,198][root][INFO] - Total data indexed 2500000
[2022-10-23 19:38:05,373][root][INFO] - data indexed 2550000
[2022-10-23 19:38:05,373][root][INFO] - Total data indexed 2550000
[2022-10-23 19:38:05,573][root][INFO] - data indexed 2600000
[2022-10-23 19:38:05,574][root][INFO] - Total data indexed 2600000
[2022-10-23 19:38:05,762][root][INFO] - data indexed 2650000
[2022-10-23 19:38:05,762][root][INFO] - Total data indexed 2650000
[2022-10-23 19:38:06,564][root][INFO] - data indexed 2700000
[2022-10-23 19:38:06,565][root][INFO] - Total data indexed 2700000
[2022-10-23 19:38:06,737][root][INFO] - data indexed 2750000
[2022-10-23 19:38:06,737][root][INFO] - Total data indexed 2750000
[2022-10-23 19:38:06,921][root][INFO] - data indexed 2800000
[2022-10-23 19:38:06,921][root][INFO] - Total data indexed 2800000
[2022-10-23 19:38:07,737][root][INFO] - data indexed 2850000
[2022-10-23 19:38:07,738][root][INFO] - Total data indexed 2850000
[2022-10-23 19:38:07,919][root][INFO] - data indexed 2900000
[2022-10-23 19:38:07,920][root][INFO] - Total data indexed 2900000
[2022-10-23 19:38:08,095][root][INFO] - data indexed 2950000
[2022-10-23 19:38:08,095][root][INFO] - Total data indexed 2950000
[2022-10-23 19:38:08,267][root][INFO] - data indexed 3000000
[2022-10-23 19:38:08,267][root][INFO] - Total data indexed 3000000
[2022-10-23 19:38:09,069][root][INFO] - data indexed 3050000
[2022-10-23 19:38:09,070][root][INFO] - Total data indexed 3050000
[2022-10-23 19:38:09,237][root][INFO] - data indexed 3100000
[2022-10-23 19:38:09,237][root][INFO] - Total data indexed 3100000
[2022-10-23 19:38:09,403][root][INFO] - data indexed 3150000
[2022-10-23 19:38:09,403][root][INFO] - Total data indexed 3150000
[2022-10-23 19:38:09,572][root][INFO] - data indexed 3200000
[2022-10-23 19:38:09,573][root][INFO] - Total data indexed 3200000
[2022-10-23 19:38:15,100][root][INFO] - data indexed 3250000
[2022-10-23 19:38:15,100][root][INFO] - Total data indexed 3250000
[2022-10-23 19:38:15,247][root][INFO] - data indexed 3300000
[2022-10-23 19:38:15,247][root][INFO] - Total data indexed 3300000
[2022-10-23 19:38:15,394][root][INFO] - data indexed 3350000
[2022-10-23 19:38:15,394][root][INFO] - Total data indexed 3350000
[2022-10-23 19:38:15,543][root][INFO] - data indexed 3400000
[2022-10-23 19:38:15,543][root][INFO] - Total data indexed 3400000
[2022-10-23 19:38:16,308][root][INFO] - data indexed 3450000
[2022-10-23 19:38:16,308][root][INFO] - Total data indexed 3450000
[2022-10-23 19:38:16,459][root][INFO] - data indexed 3500000
[2022-10-23 19:38:16,459][root][INFO] - Total data indexed 3500000
[2022-10-23 19:38:16,646][root][INFO] - data indexed 3550000
[2022-10-23 19:38:16,646][root][INFO] - Total data indexed 3550000
[2022-10-23 19:38:17,469][root][INFO] - data indexed 3600000
[2022-10-23 19:38:17,469][root][INFO] - Total data indexed 3600000
[2022-10-23 19:38:17,646][root][INFO] - data indexed 3650000
[2022-10-23 19:38:17,646][root][INFO] - Total data indexed 3650000
[2022-10-23 19:38:17,820][root][INFO] - data indexed 3700000
[2022-10-23 19:38:17,820][root][INFO] - Total data indexed 3700000
[2022-10-23 19:38:18,020][root][INFO] - data indexed 3750000
[2022-10-23 19:38:18,020][root][INFO] - Total data indexed 3750000
[2022-10-23 19:38:18,869][root][INFO] - data indexed 3800000
[2022-10-23 19:38:18,869][root][INFO] - Total data indexed 3800000
[2022-10-23 19:38:19,043][root][INFO] - data indexed 3850000
[2022-10-23 19:38:19,043][root][INFO] - Total data indexed 3850000
[2022-10-23 19:38:19,215][root][INFO] - data indexed 3900000
[2022-10-23 19:38:19,215][root][INFO] - Total data indexed 3900000
[2022-10-23 19:38:19,381][root][INFO] - data indexed 3950000
[2022-10-23 19:38:19,381][root][INFO] - Total data indexed 3950000
[2022-10-23 19:38:20,191][root][INFO] - data indexed 4000000
[2022-10-23 19:38:20,191][root][INFO] - Total data indexed 4000000
[2022-10-23 19:38:20,376][root][INFO] - data indexed 4050000
[2022-10-23 19:38:20,376][root][INFO] - Total data indexed 4050000
[2022-10-23 19:38:20,553][root][INFO] - data indexed 4100000
[2022-10-23 19:38:20,553][root][INFO] - Total data indexed 4100000
[2022-10-23 19:38:20,754][root][INFO] - data indexed 4150000
[2022-10-23 19:38:20,754][root][INFO] - Total data indexed 4150000
[2022-10-23 19:38:21,560][root][INFO] - data indexed 4200000
[2022-10-23 19:38:21,560][root][INFO] - Total data indexed 4200000
[2022-10-23 19:38:21,730][root][INFO] - data indexed 4250000
[2022-10-23 19:38:21,730][root][INFO] - Total data indexed 4250000
[2022-10-23 19:38:21,897][root][INFO] - data indexed 4300000
[2022-10-23 19:38:21,897][root][INFO] - Total data indexed 4300000
[2022-10-23 19:38:22,721][root][INFO] - data indexed 4350000
[2022-10-23 19:38:22,721][root][INFO] - Total data indexed 4350000
[2022-10-23 19:38:22,903][root][INFO] - data indexed 4400000
[2022-10-23 19:38:22,904][root][INFO] - Total data indexed 4400000
[2022-10-23 19:38:23,068][root][INFO] - data indexed 4450000
[2022-10-23 19:38:23,069][root][INFO] - Total data indexed 4450000
[2022-10-23 19:38:23,256][root][INFO] - data indexed 4500000
[2022-10-23 19:38:23,256][root][INFO] - Total data indexed 4500000
[2022-10-23 19:38:24,074][root][INFO] - data indexed 4550000
[2022-10-23 19:38:24,075][root][INFO] - Total data indexed 4550000
[2022-10-23 19:38:24,247][root][INFO] - data indexed 4600000
[2022-10-23 19:38:24,247][root][INFO] - Total data indexed 4600000
[2022-10-23 19:38:24,423][root][INFO] - data indexed 4650000
[2022-10-23 19:38:24,423][root][INFO] - Total data indexed 4650000
[2022-10-23 19:38:24,603][root][INFO] - data indexed 4700000
[2022-10-23 19:38:24,603][root][INFO] - Total data indexed 4700000
[2022-10-23 19:38:25,422][root][INFO] - data indexed 4750000
[2022-10-23 19:38:25,422][root][INFO] - Total data indexed 4750000
[2022-10-23 19:38:25,609][root][INFO] - data indexed 4800000
[2022-10-23 19:38:25,609][root][INFO] - Total data indexed 4800000
[2022-10-23 19:38:25,777][root][INFO] - data indexed 4850000
[2022-10-23 19:38:25,777][root][INFO] - Total data indexed 4850000
[2022-10-23 19:38:25,958][root][INFO] - data indexed 4900000
[2022-10-23 19:38:25,958][root][INFO] - Total data indexed 4900000
[2022-10-23 19:38:26,762][root][INFO] - data indexed 4950000
[2022-10-23 19:38:26,762][root][INFO] - Total data indexed 4950000
[2022-10-23 19:38:26,939][root][INFO] - data indexed 5000000
[2022-10-23 19:38:26,939][root][INFO] - Total data indexed 5000000
[2022-10-23 19:38:27,135][root][INFO] - data indexed 5050000
[2022-10-23 19:38:27,135][root][INFO] - Total data indexed 5050000
[2022-10-23 19:38:27,309][root][INFO] - data indexed 5100000
[2022-10-23 19:38:27,310][root][INFO] - Total data indexed 5100000
[2022-10-23 19:38:28,130][root][INFO] - data indexed 5150000
[2022-10-23 19:38:28,131][root][INFO] - Total data indexed 5150000
[2022-10-23 19:38:28,306][root][INFO] - data indexed 5200000
[2022-10-23 19:38:28,307][root][INFO] - Total data indexed 5200000
[2022-10-23 19:38:28,498][root][INFO] - data indexed 5250000
[2022-10-23 19:38:28,498][root][INFO] - Total data indexed 5250000
[2022-10-23 19:38:29,361][root][INFO] - data indexed 5300000
[2022-10-23 19:38:29,362][root][INFO] - Total data indexed 5300000
[2022-10-23 19:38:29,540][root][INFO] - data indexed 5350000
[2022-10-23 19:38:29,540][root][INFO] - Total data indexed 5350000
[2022-10-23 19:38:29,707][root][INFO] - data indexed 5400000
[2022-10-23 19:38:29,707][root][INFO] - Total data indexed 5400000
[2022-10-23 19:38:29,890][root][INFO] - data indexed 5450000
[2022-10-23 19:38:29,890][root][INFO] - Total data indexed 5450000
[2022-10-23 19:38:30,745][root][INFO] - data indexed 5500000
[2022-10-23 19:38:30,745][root][INFO] - Total data indexed 5500000
[2022-10-23 19:38:30,929][root][INFO] - data indexed 5550000
[2022-10-23 19:38:30,929][root][INFO] - Total data indexed 5550000
[2022-10-23 19:38:31,101][root][INFO] - data indexed 5600000
[2022-10-23 19:38:31,101][root][INFO] - Total data indexed 5600000
[2022-10-23 19:38:31,273][root][INFO] - data indexed 5650000
[2022-10-23 19:38:31,273][root][INFO] - Total data indexed 5650000
[2022-10-23 19:38:32,127][root][INFO] - data indexed 5700000
[2022-10-23 19:38:32,127][root][INFO] - Total data indexed 5700000
[2022-10-23 19:38:32,303][root][INFO] - data indexed 5750000
[2022-10-23 19:38:32,303][root][INFO] - Total data indexed 5750000
[2022-10-23 19:38:32,470][root][INFO] - data indexed 5800000
[2022-10-23 19:38:32,470][root][INFO] - Total data indexed 5800000
[2022-10-23 19:38:32,637][root][INFO] - data indexed 5850000
[2022-10-23 19:38:32,637][root][INFO] - Total data indexed 5850000
[2022-10-23 19:38:33,469][root][INFO] - data indexed 5900000
[2022-10-23 19:38:33,469][root][INFO] - Total data indexed 5900000
[2022-10-23 19:38:33,669][root][INFO] - data indexed 5950000
[2022-10-23 19:38:33,669][root][INFO] - Total data indexed 5950000
[2022-10-23 19:38:33,845][root][INFO] - data indexed 6000000
[2022-10-23 19:38:33,845][root][INFO] - Total data indexed 6000000
[2022-10-23 19:38:34,035][root][INFO] - data indexed 6050000
[2022-10-23 19:38:34,035][root][INFO] - Total data indexed 6050000
[2022-10-23 19:38:34,871][root][INFO] - data indexed 6100000
[2022-10-23 19:38:34,871][root][INFO] - Total data indexed 6100000
[2022-10-23 19:38:35,049][root][INFO] - data indexed 6150000
[2022-10-23 19:38:35,049][root][INFO] - Total data indexed 6150000
[2022-10-23 19:38:35,223][root][INFO] - data indexed 6200000
[2022-10-23 19:38:35,223][root][INFO] - Total data indexed 6200000
[2022-10-23 19:38:36,075][root][INFO] - data indexed 6250000
[2022-10-23 19:38:36,075][root][INFO] - Total data indexed 6250000
[2022-10-23 19:38:36,256][root][INFO] - data indexed 6300000
[2022-10-23 19:38:36,256][root][INFO] - Total data indexed 6300000
[2022-10-23 19:38:36,431][root][INFO] - data indexed 6350000
[2022-10-23 19:38:36,431][root][INFO] - Total data indexed 6350000
[2022-10-23 19:38:36,618][root][INFO] - data indexed 6400000
[2022-10-23 19:38:36,618][root][INFO] - Total data indexed 6400000
[2022-10-23 19:38:47,699][root][INFO] - data indexed 6450000
[2022-10-23 19:38:47,699][root][INFO] - Total data indexed 6450000
[2022-10-23 19:38:47,846][root][INFO] - data indexed 6500000
[2022-10-23 19:38:47,846][root][INFO] - Total data indexed 6500000
[2022-10-23 19:38:47,993][root][INFO] - data indexed 6550000
[2022-10-23 19:38:47,993][root][INFO] - Total data indexed 6550000
[2022-10-23 19:38:48,140][root][INFO] - data indexed 6600000
[2022-10-23 19:38:48,140][root][INFO] - Total data indexed 6600000
[2022-10-23 19:38:48,963][root][INFO] - data indexed 6650000
[2022-10-23 19:38:48,964][root][INFO] - Total data indexed 6650000
[2022-10-23 19:38:49,115][root][INFO] - data indexed 6700000
[2022-10-23 19:38:49,116][root][INFO] - Total data indexed 6700000
[2022-10-23 19:38:49,294][root][INFO] - data indexed 6750000
[2022-10-23 19:38:49,294][root][INFO] - Total data indexed 6750000
[2022-10-23 19:38:49,482][root][INFO] - data indexed 6800000
[2022-10-23 19:38:49,482][root][INFO] - Total data indexed 6800000
[2022-10-23 19:38:50,375][root][INFO] - data indexed 6850000
[2022-10-23 19:38:50,375][root][INFO] - Total data indexed 6850000
[2022-10-23 19:38:50,598][root][INFO] - data indexed 6900000
[2022-10-23 19:38:50,599][root][INFO] - Total data indexed 6900000
[2022-10-23 19:38:50,785][root][INFO] - data indexed 6950000
[2022-10-23 19:38:50,785][root][INFO] - Total data indexed 6950000
[2022-10-23 19:38:50,982][root][INFO] - data indexed 7000000
[2022-10-23 19:38:50,983][root][INFO] - Total data indexed 7000000
[2022-10-23 19:38:51,860][root][INFO] - data indexed 7050000
[2022-10-23 19:38:51,860][root][INFO] - Total data indexed 7050000
[2022-10-23 19:38:52,066][root][INFO] - data indexed 7100000
[2022-10-23 19:38:52,067][root][INFO] - Total data indexed 7100000
[2022-10-23 19:38:52,260][root][INFO] - data indexed 7150000
[2022-10-23 19:38:52,260][root][INFO] - Total data indexed 7150000
[2022-10-23 19:38:53,139][root][INFO] - data indexed 7200000
[2022-10-23 19:38:53,139][root][INFO] - Total data indexed 7200000
[2022-10-23 19:38:53,320][root][INFO] - data indexed 7250000
[2022-10-23 19:38:53,320][root][INFO] - Total data indexed 7250000
[2022-10-23 19:38:53,512][root][INFO] - data indexed 7300000
[2022-10-23 19:38:53,513][root][INFO] - Total data indexed 7300000
[2022-10-23 19:38:53,733][root][INFO] - data indexed 7350000
[2022-10-23 19:38:53,733][root][INFO] - Total data indexed 7350000
[2022-10-23 19:38:54,644][root][INFO] - data indexed 7400000
[2022-10-23 19:38:54,645][root][INFO] - Total data indexed 7400000
[2022-10-23 19:38:54,835][root][INFO] - data indexed 7450000
[2022-10-23 19:38:54,835][root][INFO] - Total data indexed 7450000
[2022-10-23 19:38:55,024][root][INFO] - data indexed 7500000
[2022-10-23 19:38:55,024][root][INFO] - Total data indexed 7500000
[2022-10-23 19:38:55,203][root][INFO] - data indexed 7550000
[2022-10-23 19:38:55,204][root][INFO] - Total data indexed 7550000
[2022-10-23 19:38:56,084][root][INFO] - data indexed 7600000
[2022-10-23 19:38:56,084][root][INFO] - Total data indexed 7600000
[2022-10-23 19:38:56,269][root][INFO] - data indexed 7650000
[2022-10-23 19:38:56,269][root][INFO] - Total data indexed 7650000
[2022-10-23 19:38:56,446][root][INFO] - data indexed 7700000
[2022-10-23 19:38:56,446][root][INFO] - Total data indexed 7700000
[2022-10-23 19:38:56,598][root][INFO] - data indexed 7750000
[2022-10-23 19:38:56,598][root][INFO] - Total data indexed 7750000
[2022-10-23 19:38:57,492][root][INFO] - data indexed 7800000
[2022-10-23 19:38:57,492][root][INFO] - Total data indexed 7800000
[2022-10-23 19:38:57,662][root][INFO] - data indexed 7850000
[2022-10-23 19:38:57,662][root][INFO] - Total data indexed 7850000
[2022-10-23 19:38:57,845][root][INFO] - data indexed 7900000
[2022-10-23 19:38:57,846][root][INFO] - Total data indexed 7900000
[2022-10-23 19:38:58,022][root][INFO] - data indexed 7950000
[2022-10-23 19:38:58,022][root][INFO] - Total data indexed 7950000
[2022-10-23 19:38:58,910][root][INFO] - data indexed 8000000
[2022-10-23 19:38:58,910][root][INFO] - Total data indexed 8000000
[2022-10-23 19:38:59,082][root][INFO] - data indexed 8050000
[2022-10-23 19:38:59,082][root][INFO] - Total data indexed 8050000
[2022-10-23 19:38:59,258][root][INFO] - data indexed 8100000
[2022-10-23 19:38:59,258][root][INFO] - Total data indexed 8100000
[2022-10-23 19:39:00,140][root][INFO] - data indexed 8150000
[2022-10-23 19:39:00,140][root][INFO] - Total data indexed 8150000
[2022-10-23 19:39:00,304][root][INFO] - data indexed 8200000
[2022-10-23 19:39:00,304][root][INFO] - Total data indexed 8200000
[2022-10-23 19:39:00,481][root][INFO] - data indexed 8250000
[2022-10-23 19:39:00,481][root][INFO] - Total data indexed 8250000
[2022-10-23 19:39:00,651][root][INFO] - data indexed 8300000
[2022-10-23 19:39:00,651][root][INFO] - Total data indexed 8300000
[2022-10-23 19:39:01,533][root][INFO] - data indexed 8350000
[2022-10-23 19:39:01,533][root][INFO] - Total data indexed 8350000
[2022-10-23 19:39:01,711][root][INFO] - data indexed 8400000
[2022-10-23 19:39:01,711][root][INFO] - Total data indexed 8400000
[2022-10-23 19:39:01,896][root][INFO] - data indexed 8450000
[2022-10-23 19:39:01,896][root][INFO] - Total data indexed 8450000
[2022-10-23 19:39:02,095][root][INFO] - data indexed 8500000
[2022-10-23 19:39:02,095][root][INFO] - Total data indexed 8500000
[2022-10-23 19:39:02,972][root][INFO] - data indexed 8550000
[2022-10-23 19:39:02,973][root][INFO] - Total data indexed 8550000
[2022-10-23 19:39:03,160][root][INFO] - data indexed 8600000
[2022-10-23 19:39:03,160][root][INFO] - Total data indexed 8600000
[2022-10-23 19:39:03,324][root][INFO] - data indexed 8650000
[2022-10-23 19:39:03,325][root][INFO] - Total data indexed 8650000
[2022-10-23 19:39:03,491][root][INFO] - data indexed 8700000
[2022-10-23 19:39:03,492][root][INFO] - Total data indexed 8700000
[2022-10-23 19:39:04,384][root][INFO] - data indexed 8750000
[2022-10-23 19:39:04,384][root][INFO] - Total data indexed 8750000
[2022-10-23 19:39:04,548][root][INFO] - data indexed 8800000
[2022-10-23 19:39:04,549][root][INFO] - Total data indexed 8800000
[2022-10-23 19:39:04,719][root][INFO] - data indexed 8850000
[2022-10-23 19:39:04,720][root][INFO] - Total data indexed 8850000
[2022-10-23 19:39:04,903][root][INFO] - data indexed 8900000
[2022-10-23 19:39:04,903][root][INFO] - Total data indexed 8900000
[2022-10-23 19:39:05,822][root][INFO] - data indexed 8950000
[2022-10-23 19:39:05,822][root][INFO] - Total data indexed 8950000
[2022-10-23 19:39:06,020][root][INFO] - data indexed 9000000
[2022-10-23 19:39:06,021][root][INFO] - Total data indexed 9000000
[2022-10-23 19:39:06,201][root][INFO] - data indexed 9050000
[2022-10-23 19:39:06,201][root][INFO] - Total data indexed 9050000
[2022-10-23 19:39:07,115][root][INFO] - data indexed 9100000
[2022-10-23 19:39:07,115][root][INFO] - Total data indexed 9100000
[2022-10-23 19:39:07,308][root][INFO] - data indexed 9150000
[2022-10-23 19:39:07,308][root][INFO] - Total data indexed 9150000
[2022-10-23 19:39:07,497][root][INFO] - data indexed 9200000
[2022-10-23 19:39:07,497][root][INFO] - Total data indexed 9200000
[2022-10-23 19:39:07,696][root][INFO] - data indexed 9250000
[2022-10-23 19:39:07,696][root][INFO] - Total data indexed 9250000
[2022-10-23 19:39:08,633][root][INFO] - data indexed 9300000
[2022-10-23 19:39:08,633][root][INFO] - Total data indexed 9300000
[2022-10-23 19:39:08,830][root][INFO] - data indexed 9350000
[2022-10-23 19:39:08,830][root][INFO] - Total data indexed 9350000
[2022-10-23 19:39:09,012][root][INFO] - data indexed 9400000
[2022-10-23 19:39:09,012][root][INFO] - Total data indexed 9400000
[2022-10-23 19:39:09,214][root][INFO] - data indexed 9450000
[2022-10-23 19:39:09,214][root][INFO] - Total data indexed 9450000
[2022-10-23 19:39:10,152][root][INFO] - data indexed 9500000
[2022-10-23 19:39:10,152][root][INFO] - Total data indexed 9500000
[2022-10-23 19:39:10,342][root][INFO] - data indexed 9550000
[2022-10-23 19:39:10,342][root][INFO] - Total data indexed 9550000
[2022-10-23 19:39:10,534][root][INFO] - data indexed 9600000
[2022-10-23 19:39:10,534][root][INFO] - Total data indexed 9600000
[2022-10-23 19:39:10,739][root][INFO] - data indexed 9650000
[2022-10-23 19:39:10,739][root][INFO] - Total data indexed 9650000
[2022-10-23 19:39:11,686][root][INFO] - data indexed 9700000
[2022-10-23 19:39:11,686][root][INFO] - Total data indexed 9700000
[2022-10-23 19:39:11,887][root][INFO] - data indexed 9750000
[2022-10-23 19:39:11,887][root][INFO] - Total data indexed 9750000
[2022-10-23 19:39:12,063][root][INFO] - data indexed 9800000
[2022-10-23 19:39:12,063][root][INFO] - Total data indexed 9800000
[2022-10-23 19:39:12,288][root][INFO] - data indexed 9850000
[2022-10-23 19:39:12,288][root][INFO] - Total data indexed 9850000
[2022-10-23 19:39:13,234][root][INFO] - data indexed 9900000
[2022-10-23 19:39:13,234][root][INFO] - Total data indexed 9900000
[2022-10-23 19:39:13,414][root][INFO] - data indexed 9950000
[2022-10-23 19:39:13,415][root][INFO] - Total data indexed 9950000
[2022-10-23 19:39:13,600][root][INFO] - data indexed 10000000
[2022-10-23 19:39:13,600][root][INFO] - Total data indexed 10000000
[2022-10-23 19:39:14,561][root][INFO] - data indexed 10050000
[2022-10-23 19:39:14,562][root][INFO] - Total data indexed 10050000
[2022-10-23 19:39:14,740][root][INFO] - data indexed 10100000
[2022-10-23 19:39:14,740][root][INFO] - Total data indexed 10100000
[2022-10-23 19:39:14,934][root][INFO] - data indexed 10150000
[2022-10-23 19:39:14,934][root][INFO] - Total data indexed 10150000
[2022-10-23 19:39:15,136][root][INFO] - data indexed 10200000
[2022-10-23 19:39:15,136][root][INFO] - Total data indexed 10200000
[2022-10-23 19:39:16,103][root][INFO] - data indexed 10250000
[2022-10-23 19:39:16,103][root][INFO] - Total data indexed 10250000
[2022-10-23 19:39:16,282][root][INFO] - data indexed 10300000
[2022-10-23 19:39:16,282][root][INFO] - Total data indexed 10300000
[2022-10-23 19:39:16,482][root][INFO] - data indexed 10350000
[2022-10-23 19:39:16,483][root][INFO] - Total data indexed 10350000
[2022-10-23 19:39:16,664][root][INFO] - data indexed 10400000
[2022-10-23 19:39:16,664][root][INFO] - Total data indexed 10400000
[2022-10-23 19:39:17,641][root][INFO] - data indexed 10450000
[2022-10-23 19:39:17,641][root][INFO] - Total data indexed 10450000
[2022-10-23 19:39:17,853][root][INFO] - data indexed 10500000
[2022-10-23 19:39:17,854][root][INFO] - Total data indexed 10500000
[2022-10-23 19:39:18,043][root][INFO] - data indexed 10550000
[2022-10-23 19:39:18,044][root][INFO] - Total data indexed 10550000
[2022-10-23 19:39:18,232][root][INFO] - data indexed 10600000
[2022-10-23 19:39:18,232][root][INFO] - Total data indexed 10600000
[2022-10-23 19:39:19,199][root][INFO] - data indexed 10650000
[2022-10-23 19:39:19,200][root][INFO] - Total data indexed 10650000
[2022-10-23 19:39:19,377][root][INFO] - data indexed 10700000
[2022-10-23 19:39:19,377][root][INFO] - Total data indexed 10700000
[2022-10-23 19:39:19,572][root][INFO] - data indexed 10750000
[2022-10-23 19:39:19,572][root][INFO] - Total data indexed 10750000
[2022-10-23 19:39:19,764][root][INFO] - data indexed 10800000
[2022-10-23 19:39:19,764][root][INFO] - Total data indexed 10800000
[2022-10-23 19:39:20,733][root][INFO] - data indexed 10850000
[2022-10-23 19:39:20,734][root][INFO] - Total data indexed 10850000
[2022-10-23 19:39:20,939][root][INFO] - data indexed 10900000
[2022-10-23 19:39:20,939][root][INFO] - Total data indexed 10900000
[2022-10-23 19:39:21,114][root][INFO] - data indexed 10950000
[2022-10-23 19:39:21,115][root][INFO] - Total data indexed 10950000
[2022-10-23 19:39:22,101][root][INFO] - data indexed 11000000
[2022-10-23 19:39:22,101][root][INFO] - Total data indexed 11000000
[2022-10-23 19:39:22,291][root][INFO] - data indexed 11050000
[2022-10-23 19:39:22,291][root][INFO] - Total data indexed 11050000
[2022-10-23 19:39:22,468][root][INFO] - data indexed 11100000
[2022-10-23 19:39:22,468][root][INFO] - Total data indexed 11100000
[2022-10-23 19:39:22,672][root][INFO] - data indexed 11150000
[2022-10-23 19:39:22,672][root][INFO] - Total data indexed 11150000
[2022-10-23 19:39:23,651][root][INFO] - data indexed 11200000
[2022-10-23 19:39:23,652][root][INFO] - Total data indexed 11200000
[2022-10-23 19:39:23,838][root][INFO] - data indexed 11250000
[2022-10-23 19:39:23,839][root][INFO] - Total data indexed 11250000
[2022-10-23 19:39:24,018][root][INFO] - data indexed 11300000
[2022-10-23 19:39:24,018][root][INFO] - Total data indexed 11300000
[2022-10-23 19:39:24,213][root][INFO] - data indexed 11350000
[2022-10-23 19:39:24,213][root][INFO] - Total data indexed 11350000
[2022-10-23 19:39:25,190][root][INFO] - data indexed 11400000
[2022-10-23 19:39:25,190][root][INFO] - Total data indexed 11400000
[2022-10-23 19:39:25,376][root][INFO] - data indexed 11450000
[2022-10-23 19:39:25,376][root][INFO] - Total data indexed 11450000
[2022-10-23 19:39:25,564][root][INFO] - data indexed 11500000
[2022-10-23 19:39:25,564][root][INFO] - Total data indexed 11500000
[2022-10-23 19:39:25,749][root][INFO] - data indexed 11550000
[2022-10-23 19:39:25,749][root][INFO] - Total data indexed 11550000
[2022-10-23 19:39:26,744][root][INFO] - data indexed 11600000
[2022-10-23 19:39:26,744][root][INFO] - Total data indexed 11600000
[2022-10-23 19:39:26,923][root][INFO] - data indexed 11650000
[2022-10-23 19:39:26,923][root][INFO] - Total data indexed 11650000
[2022-10-23 19:39:27,108][root][INFO] - data indexed 11700000
[2022-10-23 19:39:27,109][root][INFO] - Total data indexed 11700000
[2022-10-23 19:39:27,286][root][INFO] - data indexed 11750000
[2022-10-23 19:39:27,286][root][INFO] - Total data indexed 11750000
[2022-10-23 19:39:28,287][root][INFO] - data indexed 11800000
[2022-10-23 19:39:28,288][root][INFO] - Total data indexed 11800000
[2022-10-23 19:39:28,464][root][INFO] - data indexed 11850000
[2022-10-23 19:39:28,464][root][INFO] - Total data indexed 11850000
[2022-10-23 19:39:28,642][root][INFO] - data indexed 11900000
[2022-10-23 19:39:28,642][root][INFO] - Total data indexed 11900000
[2022-10-23 19:39:29,659][root][INFO] - data indexed 11950000
[2022-10-23 19:39:29,659][root][INFO] - Total data indexed 11950000
[2022-10-23 19:39:29,848][root][INFO] - data indexed 12000000
[2022-10-23 19:39:29,848][root][INFO] - Total data indexed 12000000
[2022-10-23 19:39:30,035][root][INFO] - data indexed 12050000
[2022-10-23 19:39:30,036][root][INFO] - Total data indexed 12050000
[2022-10-23 19:39:30,211][root][INFO] - data indexed 12100000
[2022-10-23 19:39:30,211][root][INFO] - Total data indexed 12100000
[2022-10-23 19:39:31,233][root][INFO] - data indexed 12150000
[2022-10-23 19:39:31,233][root][INFO] - Total data indexed 12150000
[2022-10-23 19:39:31,420][root][INFO] - data indexed 12200000
[2022-10-23 19:39:31,420][root][INFO] - Total data indexed 12200000
[2022-10-23 19:39:31,607][root][INFO] - data indexed 12250000
[2022-10-23 19:39:31,607][root][INFO] - Total data indexed 12250000
[2022-10-23 19:39:31,791][root][INFO] - data indexed 12300000
[2022-10-23 19:39:31,791][root][INFO] - Total data indexed 12300000
[2022-10-23 19:39:32,803][root][INFO] - data indexed 12350000
[2022-10-23 19:39:32,804][root][INFO] - Total data indexed 12350000
[2022-10-23 19:39:32,994][root][INFO] - data indexed 12400000
[2022-10-23 19:39:32,994][root][INFO] - Total data indexed 12400000
[2022-10-23 19:39:33,183][root][INFO] - data indexed 12450000
[2022-10-23 19:39:33,184][root][INFO] - Total data indexed 12450000
[2022-10-23 19:39:33,371][root][INFO] - data indexed 12500000
[2022-10-23 19:39:33,371][root][INFO] - Total data indexed 12500000
[2022-10-23 19:39:34,389][root][INFO] - data indexed 12550000
[2022-10-23 19:39:34,389][root][INFO] - Total data indexed 12550000
[2022-10-23 19:39:34,579][root][INFO] - data indexed 12600000
[2022-10-23 19:39:34,579][root][INFO] - Total data indexed 12600000
[2022-10-23 19:39:34,756][root][INFO] - data indexed 12650000
[2022-10-23 19:39:34,757][root][INFO] - Total data indexed 12650000
[2022-10-23 19:39:34,941][root][INFO] - data indexed 12700000
[2022-10-23 19:39:34,941][root][INFO] - Total data indexed 12700000
[2022-10-23 19:39:35,981][root][INFO] - data indexed 12750000
[2022-10-23 19:39:35,981][root][INFO] - Total data indexed 12750000
[2022-10-23 19:39:36,181][root][INFO] - data indexed 12800000
[2022-10-23 19:39:36,181][root][INFO] - Total data indexed 12800000
[2022-10-23 19:39:53,754][root][INFO] - data indexed 12850000
[2022-10-23 19:39:53,776][root][INFO] - Total data indexed 12850000
[2022-10-23 19:39:54,849][root][INFO] - data indexed 12900000
[2022-10-23 19:39:54,849][root][INFO] - Total data indexed 12900000
[2022-10-23 19:39:55,020][root][INFO] - data indexed 12950000
[2022-10-23 19:39:55,021][root][INFO] - Total data indexed 12950000
[2022-10-23 19:39:55,198][root][INFO] - data indexed 13000000
[2022-10-23 19:39:55,199][root][INFO] - Total data indexed 13000000
[2022-10-23 19:39:55,376][root][INFO] - data indexed 13050000
[2022-10-23 19:39:55,376][root][INFO] - Total data indexed 13050000
[2022-10-23 19:39:56,394][root][INFO] - data indexed 13100000
[2022-10-23 19:39:56,394][root][INFO] - Total data indexed 13100000
[2022-10-23 19:39:56,569][root][INFO] - data indexed 13150000
[2022-10-23 19:39:56,569][root][INFO] - Total data indexed 13150000
[2022-10-23 19:39:56,760][root][INFO] - data indexed 13200000
[2022-10-23 19:39:56,760][root][INFO] - Total data indexed 13200000
[2022-10-23 19:40:00,943][root][INFO] - data indexed 13242908
[2022-10-23 19:40:00,944][root][INFO] - Total data indexed 13242908
[2022-10-23 19:40:00,945][root][INFO] - Data indexing completed.
[2022-10-23 20:21:55,308][root][INFO] - index search time: 2514.329692 sec.
[2022-10-23 20:21:55,308][dpr.data.retriever_data][INFO] - Reading file /home/maruf/zarzis/parallel-code-corpora/cpp_code_kng_base.json
[2022-10-23 20:25:43,717][root][INFO] - Loaded ctx data: 13242908
[2022-10-23 20:25:43,730][root][INFO] - validating passages. size=13242908
[2022-10-23 20:25:43,730][dpr.data.qa_validation][INFO] - all_docs size 13242908
[2022-10-23 20:25:43,730][dpr.data.qa_validation][INFO] - dpr_all_documents size 13242908
/home/maruf/anaconda3/envs/xcodeeval/lib/python3.8/site-packages/hydra/_internal/hydra.py:119: UserWarning: Future Hydra versions will no longer change working directory at job runtime by default.
See https://hydra.cc/docs/next/upgrades/1.1_to_1.2/changes_to_job_working_dir/ for more information.
  ret = run_job(
huggingface/tokenizers: The current process just got forked, after parallelism has already been used. Disabling parallelism to avoid deadlocks...
To disable this warning, you can either:
	- Avoid using `tokenizers` before the fork if possible
	- Explicitly set the environment variable TOKENIZERS_PARALLELISM=(true | false)
huggingface/tokenizers: The current process just got forked, after parallelism has already been used. Disabling parallelism to avoid deadlocks...
To disable this warning, you can either:
	- Avoid using `tokenizers` before the fork if possible
	- Explicitly set the environment variable TOKENIZERS_PARALLELISM=(true | false)
huggingface/tokenizers: The current process just got forked, after parallelism has already been used. Disabling parallelism to avoid deadlocks...
To disable this warning, you can either:
	- Avoid using `tokenizers` before the fork if possible
	- Explicitly set the environment variable TOKENIZERS_PARALLELISM=(true | false)
huggingface/tokenizers: The current process just got forked, after parallelism has already been used. Disabling parallelism to avoid deadlocks...
To disable this warning, you can either:
	- Avoid using `tokenizers` before the fork if possible
	- Explicitly set the environment variable TOKENIZERS_PARALLELISM=(true | false)
huggingface/tokenizers: The current process just got forked, after parallelism has already been used. Disabling parallelism to avoid deadlocks...
To disable this warning, you can either:
	- Avoid using `tokenizers` before the fork if possible
	- Explicitly set the environment variable TOKENIZERS_PARALLELISM=(true | false)
huggingface/tokenizers: The current process just got forked, after parallelism has already been used. Disabling parallelism to avoid deadlocks...
To disable this warning, you can either:
	- Avoid using `tokenizers` before the fork if possible
	- Explicitly set the environment variable TOKENIZERS_PARALLELISM=(true | false)
huggingface/tokenizers: The current process just got forked, after parallelism has already been used. Disabling parallelism to avoid deadlocks...
To disable this warning, you can either:
	- Avoid using `tokenizers` before the fork if possible
	- Explicitly set the environment variable TOKENIZERS_PARALLELISM=(true | false)
huggingface/tokenizers: The current process just got forked, after parallelism has already been used. Disabling parallelism to avoid deadlocks...
To disable this warning, you can either:
	- Avoid using `tokenizers` before the fork if possible
	- Explicitly set the environment variable TOKENIZERS_PARALLELISM=(true | false)
huggingface/tokenizers: The current process just got forked, after parallelism has already been used. Disabling parallelism to avoid deadlocks...
To disable this warning, you can either:
	- Avoid using `tokenizers` before the fork if possible
	- Explicitly set the environment variable TOKENIZERS_PARALLELISM=(true | false)
huggingface/tokenizers: The current process just got forked, after parallelism has already been used. Disabling parallelism to avoid deadlocks...
To disable this warning, you can either:
	- Avoid using `tokenizers` before the fork if possible
	- Explicitly set the environment variable TOKENIZERS_PARALLELISM=(true | false)
huggingface/tokenizers: The current process just got forked, after parallelism has already been used. Disabling parallelism to avoid deadlocks...
To disable this warning, you can either:
	- Avoid using `tokenizers` before the fork if possible
	- Explicitly set the environment variable TOKENIZERS_PARALLELISM=(true | false)
huggingface/tokenizers: The current process just got forked, after parallelism has already been used. Disabling parallelism to avoid deadlocks...
To disable this warning, you can either:
	- Avoid using `tokenizers` before the fork if possible
	- Explicitly set the environment variable TOKENIZERS_PARALLELISM=(true | false)
huggingface/tokenizers: The current process just got forked, after parallelism has already been used. Disabling parallelism to avoid deadlocks...
To disable this warning, you can either:
	- Avoid using `tokenizers` before the fork if possible
	- Explicitly set the environment variable TOKENIZERS_PARALLELISM=(true | false)
huggingface/tokenizers: The current process just got forked, after parallelism has already been used. Disabling parallelism to avoid deadlocks...
To disable this warning, you can either:
	- Avoid using `tokenizers` before the fork if possible
	- Explicitly set the environment variable TOKENIZERS_PARALLELISM=(true | false)
huggingface/tokenizers: The current process just got forked, after parallelism has already been used. Disabling parallelism to avoid deadlocks...
To disable this warning, you can either:
	- Avoid using `tokenizers` before the fork if possible
	- Explicitly set the environment variable TOKENIZERS_PARALLELISM=(true | false)
huggingface/tokenizers: The current process just got forked, after parallelism has already been used. Disabling parallelism to avoid deadlocks...
To disable this warning, you can either:
	- Avoid using `tokenizers` before the fork if possible
	- Explicitly set the environment variable TOKENIZERS_PARALLELISM=(true | false)
[2022-10-23 20:25:58,620][dpr.data.qa_validation][INFO] - Matching answers in top docs...
[2022-10-23 20:30:44,843][dpr.data.qa_validation][INFO] - Per question validation results len=146880
[2022-10-23 20:30:48,694][root][INFO] - Validation results: top k documents hits [5972, 9758, 13016, 16136, 18940, 21536, 24034, 26305, 28463, 30597, 32591, 34485, 36343, 38151, 39896, 41537, 43121, 44684, 46150, 47619, 49066, 50469, 51832, 53122, 54375, 55556, 56708, 57842, 58959, 60109, 61173, 62222, 63234, 64274, 65302, 66261, 67201, 68174, 69034, 69917, 71007, 71884, 72694, 73522, 74361, 75186, 75952, 76741, 77527, 78229, 78990, 79700, 80380, 81093, 81740, 82416, 83034, 83669, 84311, 84952, 85589, 86228, 86791, 87400, 87939, 88521, 89130, 89711, 90230, 90780, 91298, 91825, 92353, 92869, 93396, 93913, 94368, 94824, 95289, 95753, 96232, 96661, 97136, 97580, 97989, 98418, 98851, 99302, 99709, 100118, 100516, 100900, 101262, 101638, 101988, 102335, 102681, 103027, 103359, 103732]
[2022-10-23 20:30:48,694][root][INFO] - Validation results: top k documents hits accuracy [0.04065904139433551, 0.06643518518518518, 0.08861655773420479, 0.10985838779956426, 0.1289488017429194, 0.1466230936819172, 0.163630174291939, 0.17909177559912853, 0.1937840413943355, 0.20831290849673204, 0.2218886165577342, 0.23478349673202614, 0.2474332788671024, 0.25974264705882355, 0.2716230936819172, 0.2827954793028322, 0.29357979302832243, 0.3042211328976035, 0.3142020697167756, 0.32420343137254903, 0.3340550108932462, 0.34360702614379085, 0.3528867102396514, 0.3616693899782135, 0.3702001633986928, 0.37824074074074077, 0.3860838779956427, 0.39380446623093684, 0.4014093137254902, 0.40923883442265796, 0.4164828431372549, 0.4236247276688453, 0.43051470588235297, 0.4375953159041394, 0.4445942265795207, 0.4511233660130719, 0.45752314814814815, 0.4641476034858388, 0.47000272331154686, 0.47601443355119827, 0.4834354575163399, 0.48940631808278867, 0.4949210239651416, 0.5005582788671024, 0.5062704248366013, 0.5118872549019607, 0.5171023965141612, 0.5224741285403051, 0.5278254357298475, 0.5326048474945534, 0.5377859477124183, 0.542619825708061, 0.5472494553376906, 0.5521037581699346, 0.5565087145969498, 0.5611111111111111, 0.5653186274509804, 0.5696418845315904, 0.5740127995642702, 0.5783769063180828, 0.582713779956427, 0.5870642701525054, 0.5908973311546841, 0.5950435729847494, 0.5987132352941177, 0.6026756535947713, 0.6068218954248366, 0.6107775054466231, 0.6143110021786492, 0.6180555555555556, 0.6215822440087146, 0.6251702069716776, 0.6287649782135076, 0.6322780501089325, 0.6358660130718954, 0.6393858932461873, 0.642483660130719, 0.6455882352941177, 0.6487540849673202, 0.6519131263616558, 0.6551742919389978, 0.6580950435729848, 0.6613289760348584, 0.6643518518518519, 0.6671364379084967, 0.6700571895424836, 0.673005174291939, 0.6760757080610021, 0.6788466775599129, 0.6816312636165577, 0.6843409586056645, 0.6869553376906318, 0.6894199346405229, 0.6919798474945533, 0.6943627450980392, 0.6967252178649237, 0.6990808823529412, 0.7014365468409586, 0.7036968954248366, 0.7062363834422658]
[2022-10-23 20:33:15,325][root][INFO] - Saved results * scores  to /home/maruf/zarzis/zarzis/outputs/2022-08-01/16-00-23/dense_retriever_out
